10/03/2025 09:12:05 CMD=WRKACTJOB USER=DURVESH STATUS=OK
10/03/2025 09:13:22 CMD=STRSQL USER=DURVESH STATUS=OK
10/03/2025 09:15:41 CMD=DSPFD FILE=EMPLOYEE LIB=HR STATUS=OK
10/03/2025 09:18:09 CMD=WRKUSRPRF USRPRF=JDOE STATUS=OK
10/03/2025 09:20:33 CMD=WRKOBJ OBJ=PAYROLL FILE=FIN STATUS=OK
10/03/2025 09:25:17 CMD=STRDBG PGM=SALARY STATUS=OK
10/03/2025 09:28:44 CMD=WRKACTJOB USER=HRTEAM STATUS=OK
10/03/2025 09:30:01 CMD=DSPLIB LIB=IT STATUS=OK
10/03/2025 09:32:15 CMD=WRKFCN FUNCTION=MAINT STATUS=OK
10/03/2025 09:35:29 CMD=STRSQL USER=HRTEAM STATUS=OK
10/03/2025 09:38:42 CMD=DSPFD FILE=DEPT LIB=FIN STATUS=OK
10/03/2025 09:40:57 CMD=WRKUSRPRF USRPRF=SMITH STATUS=OK
10/03/2025 09:43:21 CMD=WRKOBJ OBJ=EMPLOYEE FILE=HR STATUS=OK
10/03/2025 09:46:36 CMD=STRDBG PGM=BONUS STATUS=OK
10/03/2025 09:49:50 CMD=WRKACTJOB USER=ITTEAM STATUS=OK
10/03/2025 09:52:05 CMD=DSPLIB LIB=FIN STATUS=OK
10/03/2025 09:55:19 CMD=WRKFCN FUNCTION=ADMIN STATUS=OK
10/03/2025 09:58:34 CMD=STRSQL USER=FINTEAM STATUS=OK
10/03/2025 10:01:48 CMD=DSPFD FILE=SALARY LIB=FIN STATUS=OK
10/03/2025 10:04:12 CMD=WRKUSRPRF USRPRF=JOHNSON STATUS=OK
